2014-02-19T15:47:01.235+08:00| appLoader| I120: Log for VMware Tools pid=1316 version=9.6.1 build=build-1378637 option=Release
2014-02-19T15:47:01.235+08:00| appLoader| I120: The process is 64-bit.
2014-02-19T15:47:01.235+08:00| appLoader| I120: Host codepage=UTF-8 encoding=UTF-8
2014-02-19T15:47:01.235+08:00| appLoader| I120: Host is Linux 2.6.38-8-generic Ubuntu 11.04
2014-02-19T15:47:01.235+08:00| appLoader| I120: Invocation: "tpvmlpd2"
2014-02-19T15:47:01.235+08:00| appLoader| I120: Calling: "tpvmlpd2"
2014-02-19T15:47:01.236+08:00| appLoader| I120: VMDEVEL not set.
2014-02-19T15:47:01.236+08:00| appLoader| I120: VMWARE_SHIPPED_LIBS_LIST is not set.
2014-02-19T15:47:01.236+08:00| appLoader| I120: VMWARE_SYSTEM_LIBS_LIST is not set.
2014-02-19T15:47:01.236+08:00| appLoader| I120: VMWARE_USE_SHIPPED_LIBS is not set.
2014-02-19T15:47:01.236+08:00| appLoader| I120: VMWARE_USE_SYSTEM_LIBS is not set.
2014-02-19T15:47:01.236+08:00| appLoader| I120: Using configuration file /etc/vmware-tools/config.
2014-02-19T15:47:01.237+08:00| appLoader| I120: Using library directory:  /usr/lib/vmware-tools.
2014-02-19T15:47:01.238+08:00| appLoader| I120: Shipped glib version is 2.24
2014-02-19T15:47:01.238+08:00| appLoader| I120: System glib version is 2.28
2014-02-19T15:47:01.238+08:00| appLoader| I120: Using system version of glib.
2014-02-19T15:47:01.238+08:00| appLoader| I120: Marking libtpvmlpd2.so node as INVALID.
2014-02-19T15:47:01.240+08:00| appLoader| I120: Marking libz.so.1 node as INVALID.
2014-02-19T15:47:01.240+08:00| appLoader| I120: Created dependency tree.
2014-02-19T15:47:01.240+08:00| appLoader| I120: Marking libtpvmlpd2.so node as SHIPPED.
2014-02-19T15:47:01.240+08:00| appLoader| I120: Marking libz.so.1 node as SYSTEM.
2014-02-19T15:47:01.240+08:00| appLoader| I120: libtpvmlpd2.so <SHIPPED>
2014-02-19T15:47:01.240+08:00| appLoader| I120: libz.so.1 <SYSTEM>
2014-02-19T15:47:01.241+08:00| appLoader| I120: Shipped glib version is 2.24
2014-02-19T15:47:01.241+08:00| appLoader| I120: System glib version is 2.28
2014-02-19T15:47:01.241+08:00| appLoader| I120: Using system version of glib.
2014-02-19T15:47:01.241+08:00| appLoader| I120: Loading system version of libz.so.1.
